<?xml version="1.0" encoding="UTF-8"?>
<coverage generated="1705376624425" clover="3.2.0">
  <project timestamp="1705376624425" name="All files">
    <metrics statements="13" coveredstatements="13" conditionals="2" coveredconditionals="1" methods="6" coveredmethods="6" elements="21" coveredelements="20" complexity="0" loc="13" ncloc="13" packages="1" files="2" classes="2"/>
    <file name="circle.js" path="/Users/judithhernandez/Documents/ucb challenges/SVG-Logo-Maker/lib/circle.js">
      <metrics statements="5" coveredstatements="5" conditionals="0" coveredconditionals="0" methods="2" coveredmethods="2"/>
      <line num="1" count="1" type="stmt"/>
      <line num="5" count="1" type="stmt"/>
      <line num="6" count="1" type="stmt"/>
      <line num="9" count="1" type="stmt"/>
      <line num="13" count="1" type="stmt"/>
    </file>
    <file name="svgElement.js" path="/Users/judithhernandez/Documents/ucb challenges/SVG-Logo-Maker/lib/svgElement.js">
      <metrics statements="8" coveredstatements="8" conditionals="2" coveredconditionals="1" methods="4" coveredmethods="4"/>
      <line num="3" count="4" type="stmt"/>
      <line num="4" count="4" type="stmt"/>
      <line num="5" count="4" type="stmt"/>
      <line num="9" count="1" type="stmt"/>
      <line num="13" count="2" type="cond" truecount="1" falsecount="1"/>
      <line num="14" count="2" type="stmt"/>
      <line num="18" count="2" type="stmt"/>
      <line num="22" count="2" type="stmt"/>
    </file>
  </project>
</coverage>
