<?xml version="1.0" encoding="UTF-8"?>
<coverage generated="1705384080194" clover="3.2.0">
  <project timestamp="1705384080194" name="All files">
    <metrics statements="28" coveredstatements="28" conditionals="4" coveredconditionals="2" methods="8" coveredmethods="8" elements="40" coveredelements="38" complexity="0" loc="28" ncloc="28" packages="1" files="4" classes="4"/>
    <file name="circle.js" path="/Users/judithhernandez/Documents/ucb challenges/SVG-Logo-Maker/lib/circle.js">
      <metrics statements="8" coveredstatements="8" conditionals="0" coveredconditionals="0" methods="2" coveredmethods="2"/>
      <line num="1" count="1" type="stmt"/>
      <line num="5" count="1" type="stmt"/>
      <line num="6" count="1" type="stmt"/>
      <line num="7" count="1" type="stmt"/>
      <line num="8" count="1" type="stmt"/>
      <line num="9" count="1" type="stmt"/>
      <line num="12" count="1" type="stmt"/>
      <line num="16" count="1" type="stmt"/>
    </file>
    <file name="square.js" path="/Users/judithhernandez/Documents/ucb challenges/SVG-Logo-Maker/lib/square.js">
      <metrics statements="8" coveredstatements="8" conditionals="2" coveredconditionals="1" methods="2" coveredmethods="2"/>
      <line num="1" count="1" type="stmt"/>
      <line num="5" count="1" type="stmt"/>
      <line num="6" count="1" type="cond" truecount="1" falsecount="1"/>
      <line num="7" count="1" type="stmt"/>
      <line num="8" count="1" type="stmt"/>
      <line num="9" count="1" type="stmt"/>
      <line num="12" count="1" type="stmt"/>
      <line num="18" count="1" type="stmt"/>
    </file>
    <file name="svgElement.js" path="/Users/judithhernandez/Documents/ucb challenges/SVG-Logo-Maker/lib/svgElement.js">
      <metrics statements="4" coveredstatements="4" conditionals="0" coveredconditionals="0" methods="2" coveredmethods="2"/>
      <line num="3" count="4" type="stmt"/>
      <line num="4" count="4" type="stmt"/>
      <line num="8" count="1" type="stmt"/>
      <line num="12" count="4" type="stmt"/>
    </file>
    <file name="triangle.js" path="/Users/judithhernandez/Documents/ucb challenges/SVG-Logo-Maker/lib/triangle.js">
      <metrics statements="8" coveredstatements="8" conditionals="2" coveredconditionals="1" methods="2" coveredmethods="2"/>
      <line num="1" count="1" type="stmt"/>
      <line num="5" count="1" type="stmt"/>
      <line num="6" count="1" type="cond" truecount="1" falsecount="1"/>
      <line num="7" count="1" type="stmt"/>
      <line num="8" count="1" type="stmt"/>
      <line num="9" count="1" type="stmt"/>
      <line num="12" count="1" type="stmt"/>
      <line num="16" count="1" type="stmt"/>
    </file>
  </project>
</coverage>
